2020-04-09 12:11:08.316 DEBUG [main] [com.stepdefinition_login.Login_StepDef] [user_is_on_my_loginpage] [com.stepdefinition_login.Login_StepDef.user_is_on_my_loginpage(Login_StepDef.java:25)] - Login page
2020-04-09 12:11:17.838 INFO [main] [com.stepdefinition_login.Login_StepDef] [user_click_loginbutton] [com.stepdefinition_login.Login_StepDef.user_click_loginbutton(Login_StepDef.java:34)] - logged in
2020-04-09 12:12:09.444 DEBUG [main] [com.stepdefinition_login.Login_StepDef] [user_is_on_my_loginpage] [com.stepdefinition_login.Login_StepDef.user_is_on_my_loginpage(Login_StepDef.java:25)] - Login page
2020-04-09 12:12:19.245 INFO [main] [com.stepdefinition_login.Login_StepDef] [user_click_loginbutton] [com.stepdefinition_login.Login_StepDef.user_click_loginbutton(Login_StepDef.java:34)] - logged in
2020-04-09 12:13:13.172 DEBUG [main] [com.stepdefinition_select.Select_StepDef] [user_clicks_electronics] [com.stepdefinition_select.Select_StepDef.user_clicks_electronics(Select_StepDef.java:32)] - choose the electronics
2020-04-09 12:13:23.920 INFO [main] [com.stepdefinition_select.Select_StepDef] [click_cellphones] [com.stepdefinition_select.Select_StepDef.click_cellphones(Select_StepDef.java:40)] - click the cellphones
2020-04-09 12:13:46.456 INFO [main] [com.stepdefinition_select.Select_StepDef] [click_addtocart] [com.stepdefinition_select.Select_StepDef.click_addtocart(Select_StepDef.java:49)] - add to cart 
2020-04-09 12:15:00.326 ERROR [main] [com.stepdefinition_login.Login_StepDef] [clicks_gotocart] [com.stepdefinition_shoppingCart.ShoppingCart_StepDef.clicks_gotocart(ShoppingCart_StepDef.java:71)] - go to cart
2020-04-09 12:15:10.936 INFO [main] [com.stepdefinition_login.Login_StepDef] [click_continue_shopping] [com.stepdefinition_shoppingCart.ShoppingCart_StepDef.click_continue_shopping(ShoppingCart_StepDef.java:62)] - continue shopping
2020-04-09 12:16:04.755 ERROR [main] [com.stepdefinition_login.Login_StepDef] [clicks_gotocart] [com.stepdefinition_shoppingCart.ShoppingCart_StepDef.clicks_gotocart(ShoppingCart_StepDef.java:71)] - go to cart
2020-04-09 12:16:10.776 INFO [main] [com.stepdefinition_login.Login_StepDef] [click_continue_shopping] [com.stepdefinition_shoppingCart.ShoppingCart_StepDef.click_continue_shopping(ShoppingCart_StepDef.java:62)] - continue shopping
2020-04-09 12:16:48.832 INFO [main] [com.stepdefnition_books.Books_StepDef] [click_computing] [com.stepdefnition_books.Books_StepDef.click_computing(Books_StepDef.java:40)] - take Screenshot
2020-04-09 12:16:59.276 DEBUG [main] [com.stepdefnition_books.Books_StepDef] [click_comparelist] [com.stepdefnition_books.Books_StepDef.click_comparelist(Books_StepDef.java:51)] - Selecting the books 
2020-04-09 12:17:40.688 DEBUG [main] [com.stepdefinition_login.Login_StepDef] [click_logout] [com.stepdefinition_logout.Logout_StepDef.click_logout(Logout_StepDef.java:65)] - click logout
2020-04-09 12:18:24.143 DEBUG [main] [com.stepdefinition_login.Login_StepDef] [click_logout] [com.stepdefinition_logout.Logout_StepDef.click_logout(Logout_StepDef.java:65)] - click logout
2020-04-09 14:15:17.871 DEBUG [main] [com.stepdefinition_login.Login_StepDef] [user_is_on_my_loginpage] [com.stepdefinition_login.Login_StepDef.user_is_on_my_loginpage(Login_StepDef.java:25)] - Login page
2020-04-09 14:15:21.045 INFO [main] [com.stepdefinition_login.Login_StepDef] [user_click_loginbutton] [com.stepdefinition_login.Login_StepDef.user_click_loginbutton(Login_StepDef.java:34)] - logged in
2020-04-09 14:16:08.347 DEBUG [main] [com.stepdefinition_login.Login_StepDef] [user_is_on_my_loginpage] [com.stepdefinition_login.Login_StepDef.user_is_on_my_loginpage(Login_StepDef.java:25)] - Login page
2020-04-09 14:16:11.745 INFO [main] [com.stepdefinition_login.Login_StepDef] [user_click_loginbutton] [com.stepdefinition_login.Login_StepDef.user_click_loginbutton(Login_StepDef.java:34)] - logged in
2020-04-09 14:17:00.712 DEBUG [main] [com.stepdefinition_select.Select_StepDef] [user_clicks_electronics] [com.stepdefinition_select.Select_StepDef.user_clicks_electronics(Select_StepDef.java:32)] - choose the electronics
2020-04-09 14:17:05.736 INFO [main] [com.stepdefinition_select.Select_StepDef] [click_cellphones] [com.stepdefinition_select.Select_StepDef.click_cellphones(Select_StepDef.java:40)] - click the cellphones
2020-04-09 14:17:19.054 INFO [main] [com.stepdefinition_select.Select_StepDef] [click_addtocart] [com.stepdefinition_select.Select_StepDef.click_addtocart(Select_StepDef.java:49)] - add to cart 
2020-04-09 14:18:26.532 ERROR [main] [com.stepdefinition_login.Login_StepDef] [clicks_gotocart] [com.stepdefinition_shoppingCart.ShoppingCart_StepDef.clicks_gotocart(ShoppingCart_StepDef.java:71)] - go to cart
2020-04-09 14:18:29.088 INFO [main] [com.stepdefinition_login.Login_StepDef] [click_continue_shopping] [com.stepdefinition_shoppingCart.ShoppingCart_StepDef.click_continue_shopping(ShoppingCart_StepDef.java:62)] - continue shopping
2020-04-09 14:19:28.081 ERROR [main] [com.stepdefinition_login.Login_StepDef] [clicks_gotocart] [com.stepdefinition_shoppingCart.ShoppingCart_StepDef.clicks_gotocart(ShoppingCart_StepDef.java:71)] - go to cart
2020-04-09 14:19:31.881 INFO [main] [com.stepdefinition_login.Login_StepDef] [click_continue_shopping] [com.stepdefinition_shoppingCart.ShoppingCart_StepDef.click_continue_shopping(ShoppingCart_StepDef.java:62)] - continue shopping
2020-04-09 14:20:36.847 INFO [main] [com.stepdefnition_books.Books_StepDef] [click_computing] [com.stepdefnition_books.Books_StepDef.click_computing(Books_StepDef.java:40)] - take Screenshot
2020-04-09 14:20:48.629 DEBUG [main] [com.stepdefnition_books.Books_StepDef] [click_comparelist] [com.stepdefnition_books.Books_StepDef.click_comparelist(Books_StepDef.java:51)] - Selecting the books 
2020-04-09 14:22:40.154 DEBUG [main] [com.stepdefinition_login.Login_StepDef] [click_logout] [com.stepdefinition_logout.Logout_StepDef.click_logout(Logout_StepDef.java:65)] - click logout
2020-04-09 14:23:54.469 DEBUG [main] [com.stepdefinition_login.Login_StepDef] [click_logout] [com.stepdefinition_logout.Logout_StepDef.click_logout(Logout_StepDef.java:65)] - click logout
2020-04-09 16:47:33.020 DEBUG [main] [com.stepdefinition_login.Login_StepDef] [user_is_on_my_loginpage] [com.stepdefinition_login.Login_StepDef.user_is_on_my_loginpage(Login_StepDef.java:25)] - Login page
2020-04-09 16:47:34.762 INFO [main] [com.stepdefinition_login.Login_StepDef] [user_click_loginbutton] [com.stepdefinition_login.Login_StepDef.user_click_loginbutton(Login_StepDef.java:34)] - logged in
2020-04-09 16:48:05.091 DEBUG [main] [com.stepdefinition_login.Login_StepDef] [user_is_on_my_loginpage] [com.stepdefinition_login.Login_StepDef.user_is_on_my_loginpage(Login_StepDef.java:25)] - Login page
2020-04-09 16:48:07.792 INFO [main] [com.stepdefinition_login.Login_StepDef] [user_click_loginbutton] [com.stepdefinition_login.Login_StepDef.user_click_loginbutton(Login_StepDef.java:34)] - logged in
2020-04-09 16:49:13.944 ERROR [main] [com.stepdefinition_login.Login_StepDef] [clicks_gotocart] [com.stepdefinition_shoppingCart.ShoppingCart_StepDef.clicks_gotocart(ShoppingCart_StepDef.java:71)] - go to cart
2020-04-09 16:49:15.461 INFO [main] [com.stepdefinition_login.Login_StepDef] [click_continue_shopping] [com.stepdefinition_shoppingCart.ShoppingCart_StepDef.click_continue_shopping(ShoppingCart_StepDef.java:62)] - continue shopping
2020-04-09 16:49:57.319 ERROR [main] [com.stepdefinition_login.Login_StepDef] [clicks_gotocart] [com.stepdefinition_shoppingCart.ShoppingCart_StepDef.clicks_gotocart(ShoppingCart_StepDef.java:71)] - go to cart
2020-04-09 16:49:59.386 INFO [main] [com.stepdefinition_login.Login_StepDef] [click_continue_shopping] [com.stepdefinition_shoppingCart.ShoppingCart_StepDef.click_continue_shopping(ShoppingCart_StepDef.java:62)] - continue shopping
2020-04-09 16:50:42.023 INFO [main] [com.stepdefnition_books.Books_StepDef] [click_computing] [com.stepdefnition_books.Books_StepDef.click_computing(Books_StepDef.java:38)] - take Screenshot
2020-04-09 16:50:48.185 DEBUG [main] [com.stepdefnition_books.Books_StepDef] [click_comparelist] [com.stepdefnition_books.Books_StepDef.click_comparelist(Books_StepDef.java:49)] - Selecting the books 
2020-04-09 16:51:59.978 DEBUG [main] [com.stepdefinition_login.Login_StepDef] [click_logout] [com.stepdefinition_logout.Logout_StepDef.click_logout(Logout_StepDef.java:62)] - click logout
2020-04-09 16:53:15.093 DEBUG [main] [com.stepdefinition_login.Login_StepDef] [click_logout] [com.stepdefinition_logout.Logout_StepDef.click_logout(Logout_StepDef.java:62)] - click logout
2020-04-09 16:59:16.759 DEBUG [main] [com.stepdefinition_login.Login_StepDef] [user_is_on_my_loginpage] [com.stepdefinition_login.Login_StepDef.user_is_on_my_loginpage(Login_StepDef.java:25)] - Login page
2020-04-09 16:59:20.694 INFO [main] [com.stepdefinition_login.Login_StepDef] [user_click_loginbutton] [com.stepdefinition_login.Login_StepDef.user_click_loginbutton(Login_StepDef.java:34)] - logged in
2020-04-09 16:59:39.755 DEBUG [main] [com.stepdefinition_login.Login_StepDef] [user_is_on_my_loginpage] [com.stepdefinition_login.Login_StepDef.user_is_on_my_loginpage(Login_StepDef.java:25)] - Login page
2020-04-09 16:59:42.313 INFO [main] [com.stepdefinition_login.Login_StepDef] [user_click_loginbutton] [com.stepdefinition_login.Login_StepDef.user_click_loginbutton(Login_StepDef.java:34)] - logged in
2020-04-09 17:00:02.397 DEBUG [main] [com.stepdefinition_select.Select_StepDef] [user_clicks_electronics] [com.stepdefinition_select.Select_StepDef.user_clicks_electronics(Select_StepDef.java:32)] - choose the electronics
2020-04-09 17:00:05.047 INFO [main] [com.stepdefinition_select.Select_StepDef] [click_cellphones] [com.stepdefinition_select.Select_StepDef.click_cellphones(Select_StepDef.java:40)] - click the cellphones
2020-04-09 17:00:11.530 INFO [main] [com.stepdefinition_select.Select_StepDef] [click_addtocart] [com.stepdefinition_select.Select_StepDef.click_addtocart(Select_StepDef.java:49)] - add to cart 
2020-04-09 17:00:46.359 ERROR [main] [com.stepdefinition_login.Login_StepDef] [clicks_gotocart] [com.stepdefinition_shoppingCart.ShoppingCart_StepDef.clicks_gotocart(ShoppingCart_StepDef.java:71)] - go to cart
2020-04-09 17:00:47.815 INFO [main] [com.stepdefinition_login.Login_StepDef] [click_continue_shopping] [com.stepdefinition_shoppingCart.ShoppingCart_StepDef.click_continue_shopping(ShoppingCart_StepDef.java:62)] - continue shopping
2020-04-09 17:01:30.358 ERROR [main] [com.stepdefinition_login.Login_StepDef] [clicks_gotocart] [com.stepdefinition_shoppingCart.ShoppingCart_StepDef.clicks_gotocart(ShoppingCart_StepDef.java:71)] - go to cart
2020-04-09 17:01:32.831 INFO [main] [com.stepdefinition_login.Login_StepDef] [click_continue_shopping] [com.stepdefinition_shoppingCart.ShoppingCart_StepDef.click_continue_shopping(ShoppingCart_StepDef.java:62)] - continue shopping
2020-04-09 17:02:07.331 INFO [main] [com.stepdefnition_books.Books_StepDef] [click_computing] [com.stepdefnition_books.Books_StepDef.click_computing(Books_StepDef.java:38)] - take Screenshot
2020-04-09 17:02:15.530 DEBUG [main] [com.stepdefnition_books.Books_StepDef] [click_comparelist] [com.stepdefnition_books.Books_StepDef.click_comparelist(Books_StepDef.java:49)] - Selecting the books 
2020-04-09 17:03:15.520 DEBUG [main] [com.stepdefinition_login.Login_StepDef] [click_logout] [com.stepdefinition_logout.Logout_StepDef.click_logout(Logout_StepDef.java:62)] - click logout
2020-04-09 17:04:11.604 DEBUG [main] [com.stepdefinition_login.Login_StepDef] [click_logout] [com.stepdefinition_logout.Logout_StepDef.click_logout(Logout_StepDef.java:62)] - click logout
2020-04-09 17:14:23.176 DEBUG [main] [com.stepdefinition_login.Login_StepDef] [user_is_on_my_loginpage] [com.stepdefinition_login.Login_StepDef.user_is_on_my_loginpage(Login_StepDef.java:26)] - Login page
2020-04-09 17:14:29.067 INFO [main] [com.stepdefinition_login.Login_StepDef] [user_click_loginbutton] [com.stepdefinition_login.Login_StepDef.user_click_loginbutton(Login_StepDef.java:35)] - logged in
2020-04-09 17:15:40.899 DEBUG [main] [com.stepdefinition_login.Login_StepDef] [user_is_on_my_loginpage] [com.stepdefinition_login.Login_StepDef.user_is_on_my_loginpage(Login_StepDef.java:26)] - Login page
2020-04-09 17:15:43.033 INFO [main] [com.stepdefinition_login.Login_StepDef] [user_click_loginbutton] [com.stepdefinition_login.Login_StepDef.user_click_loginbutton(Login_StepDef.java:35)] - logged in
2020-04-09 17:19:45.531 ERROR [main] [com.stepdefinition_login.Login_StepDef] [clicks_gotocart] [com.stepdefinition_shoppingCart.ShoppingCart_StepDef.clicks_gotocart(ShoppingCart_StepDef.java:72)] - go to cart
2020-04-09 17:19:55.551 INFO [main] [com.stepdefinition_login.Login_StepDef] [click_continue_shopping] [com.stepdefinition_shoppingCart.ShoppingCart_StepDef.click_continue_shopping(ShoppingCart_StepDef.java:63)] - continue shopping
2020-04-09 17:22:19.888 ERROR [main] [com.stepdefinition_login.Login_StepDef] [clicks_gotocart] [com.stepdefinition_shoppingCart.ShoppingCart_StepDef.clicks_gotocart(ShoppingCart_StepDef.java:72)] - go to cart
2020-04-09 17:22:26.944 INFO [main] [com.stepdefinition_login.Login_StepDef] [click_continue_shopping] [com.stepdefinition_shoppingCart.ShoppingCart_StepDef.click_continue_shopping(ShoppingCart_StepDef.java:63)] - continue shopping
